Arguments: 
  /home/mehrnaz/.nvm/versions/node/v20.18.1/bin/node /usr/local/bin/yarn

PATH: 
  /home/mehrnaz/.rbenv/shims:/home/mehrnaz/.rbenv/bin:/home/mehrnaz/.rbenv/shims:/home/mehrnaz/.rbenv/bin:/home/linuxbrew/.linuxbrew/bin:/home/linuxbrew/.linuxbrew/sbin:/home/mehrnaz/.nvm/versions/node/v20.18.1/bin:/home/mehrnaz/.rbenv/bin:/home/mehrnaz/.rbenv/bin:/usr/local/sbin:/usr/local/bin:/usr/sbin:/usr/bin:/sbin:/bin:/usr/games:/usr/local/games:/snap/bin:/snap/bin

Yarn version: 
  1.22.19

Node version: 
  20.18.1

Platform: 
  linux x64

Trace: 
  Error: https://repo-nx.bluteam.ir/repository/npm-group/axios: ETIMEDOUT
      at Timeout._onTimeout (/usr/local/lib/node_modules/yarn/lib/cli.js:141550:19)
      at listOnTimeout (node:internal/timers:581:17)
      at process.processTimers (node:internal/timers:519:7)

npm manifest: 
  {
    "name": "no-name-card",
    "version": "0.1.0",
    "private": true,
    "scripts": {
      "dev": "next dev --turbopack",
      "build": "next build",
      "start": "next start",
      "lint": "next lint"
    },
    "dependencies": {
      "axios": "^1.7.7",
      "dayjs": "^1.11.13",
      "jalaliday": "^2.3.0",
      "next": "15.0.2",
      "next-international": "^1.3.1",
      "next-intl": "^3.25.1",
      "react": "^18.3.1",
      "react-dom": "^18",
      "react-i18next": "^15.1.1",
      "react-toastify": "^10.0.6"
    },
    "devDependencies": {
      "@types/node": "^22.8.7",
      "@types/react": "^18.3.12",
      "autoprefixer": "^10.4.20",
      "eslint": "^9.14.0",
      "eslint-config-next": "15.0.2",
      "eslint-config-prettier": "^9.1.0",
      "eslint-plugin-react": "^7.37.2",
      "eslint-plugin-react-hooks": "^5.0.0",
      "eslint-plugin-react-refresh": "^0.4.14",
      "eslint-plugin-unused-imports": "^4.1.4",
      "postcss": "^8.4.49",
      "prettier": "^3.3.3",
      "sass": "^1.80.6",
      "sass-loader": "^16.0.3",
      "tailwindcss": "^3.4.15",
      "typescript": "^5.6.3",
      "typescript-eslint": "^8.12.2"
    }
  }

yarn manifest: 
  No manifest

Lockfile: 
  No lockfile
